app/build/intermediates/manifest_merge_blame_file/release/manifest-merger-blame-release-report.txt
1<?xml version="1.0" encoding="utf-8"?>
2<manifest xmlns:android="http://schemas.android.com/apk/res/android"
3    package="org.tensorflow.lite.examples.posenet"
4    android:versionCode="1"
5    android:versionName="1.0" >
6
7    <uses-sdk
7-->src\main\AndroidManifest.xml:15:5-17
8        android:minSdkVersion="21"
8-->src\main\AndroidManifest.xml:15:5-17
9        android:targetSdkVersion="30" />
9-->src\main\AndroidManifest.xml:15:5-17
10
11    <uses-permission android:name="android.permission.CAMERA" />
11-->src\main\AndroidManifest.xml:6:5-65
11-->src\main\AndroidManifest.xml:6:22-62
12    <uses-permission android:name="android.permission.INTERNET" />
12-->src\main\AndroidManifest.xml:7:5-67
12-->src\main\AndroidManifest.xml:7:22-64
13    <uses-permission android:name="android.permission.RECORD_AUDIO" />
13-->src\main\AndroidManifest.xml:8:5-71
13-->src\main\AndroidManifest.xml:8:22-68
14    <uses-permission android:name="android.permission.READ_EXTERNAL_STORAGE" />
14-->src\main\AndroidManifest.xml:9:5-80
14-->src\main\AndroidManifest.xml:9:22-77
15    <uses-permission android:name="android.permission.WRITE_EXTERNAL_STORAGE" />
15-->src\main\AndroidManifest.xml:10:5-81
15-->src\main\AndroidManifest.xml:10:22-78
16
17    <uses-feature android:name="android.hardware.camera" />
17-->src\main\AndroidManifest.xml:12:5-60
17-->src\main\AndroidManifest.xml:12:19-57
18    <uses-feature android:name="android.hardware.camera.autofocus" />
18-->src\main\AndroidManifest.xml:13:5-70
18-->src\main\AndroidManifest.xml:13:19-67
19    <uses-feature
19-->src\main\AndroidManifest.xml:14:5-91
20        android:name="android.hardware.camera.front"
20-->src\main\AndroidManifest.xml:14:19-63
21        android:required="false" />
21-->src\main\AndroidManifest.xml:14:64-88
22
23    <application
23-->src\main\AndroidManifest.xml:17:1-44:15
24        android:allowBackup="true"
24-->src\main\AndroidManifest.xml:18:7-33
25        android:appComponentFactory="androidx.core.app.CoreComponentFactory"
25-->[androidx.core:core:1.1.0] AndroidManifest.xml:24:18-86
26        android:icon="@mipmap/ic_launcher"
26-->src\main\AndroidManifest.xml:19:7-41
27        android:label="Posenet_Demo"
27-->src\main\AndroidManifest.xml:20:7-35
28        android:roundIcon="@mipmap/ic_launcher_round"
28-->src\main\AndroidManifest.xml:21:7-52
29        android:supportsRtl="true"
29-->src\main\AndroidManifest.xml:22:7-33
30        android:theme="@style/AppTheme.Posenet" >
30-->src\main\AndroidManifest.xml:23:7-46
31        <meta-data
31-->src\main\AndroidManifest.xml:25:5-27:31
32            android:name="android.max_aspect"
32-->src\main\AndroidManifest.xml:26:9-42
33            android:value="2.1" />
33-->src\main\AndroidManifest.xml:27:9-28
34
35        <activity
35-->src\main\AndroidManifest.xml:29:5-37:16
36            android:name="org.tensorflow.lite.examples.posenet.MainActivity"
36-->src\main\AndroidManifest.xml:30:9-37
37            android:exported="true" >
37-->src\main\AndroidManifest.xml:31:9-32
38            <intent-filter>
38-->src\main\AndroidManifest.xml:32:9-36:25
39                <action android:name="android.intent.action.MAIN" />
39-->src\main\AndroidManifest.xml:33:13-65
39-->src\main\AndroidManifest.xml:33:21-62
40
41                <category android:name="android.intent.category.LAUNCHER" />
41-->src\main\AndroidManifest.xml:34:13-73
41-->src\main\AndroidManifest.xml:34:23-70
42
43                <action android:name="android.intent.action.VIEW" />
43-->src\main\AndroidManifest.xml:35:13-65
43-->src\main\AndroidManifest.xml:35:21-62
44            </intent-filter>
45        </activity>
46        <activity
46-->src\main\AndroidManifest.xml:39:5-43:16
47            android:name="org.tensorflow.lite.examples.posenet.PosenetActivity"
47-->src\main\AndroidManifest.xml:40:9-40
48            android:exported="true" >
48-->src\main\AndroidManifest.xml:41:9-32
49        </activity>
50    </application>
51
52</manifest>